sample.interval=20000
"strptime" "charToDate" "as.Date.character" "as.Date" "sac_sma_dsm" 
"strptime" "charToDate" "as.Date.character" "as.Date" "sac_sma_dsm" 
"sac_sma" "sac_sma_dsm" 
"sac_sma" "sac_sma_dsm" 
"sac_sma" "sac_sma_dsm" 
"sac_sma_dsm" 
"sac_sma_dsm" 
"sac_sma_dsm" 
"sac_sma_dsm" 
"sac_sma" "sac_sma_dsm" 
"sac_sma" "sac_sma_dsm" 
"route_lohamann" "sac_sma_dsm" 
"route_lohamann" "sac_sma_dsm" 
"route_lohamann" "sac_sma_dsm" 
"route_lohamann" "sac_sma_dsm" 
"route_lohamann" "sac_sma_dsm" 
"route_lohamann" "sac_sma_dsm" 
"lapply" "sapply" "route_lohamann" "sac_sma_dsm" 
"sac_sma_dsm" 
"sac_sma_dsm" 
"sac_sma_dsm" 
"sac_sma_dsm" 
"sac_sma" "sac_sma_dsm" 
"sac_sma" "sac_sma_dsm" 
"route_lohamann" "sac_sma_dsm" 
"route_lohamann" "sac_sma_dsm" 
"route_lohamann" "sac_sma_dsm" 
"route_lohamann" "sac_sma_dsm" 
"route_lohamann" "sac_sma_dsm" 
"route_lohamann" "sac_sma_dsm" 
"route_lohamann" "sac_sma_dsm" 
"route_lohamann" "sac_sma_dsm" 
"route_lohamann" "sac_sma_dsm" 
"route_lohamann" "sac_sma_dsm" 
"route_lohamann" "sac_sma_dsm" 
"sac_sma_dsm" 
"sac_sma_dsm" 
"sac_sma_dsm" 
"sac_sma_dsm" 
"sac_sma" "sac_sma_dsm" 
"sac_sma" "sac_sma_dsm" 
"route_lohamann" "sac_sma_dsm" 
"route_lohamann" "sac_sma_dsm" 
"route_lohamann" "sac_sma_dsm" 
"route_lohamann" "sac_sma_dsm" 
"sum" "route_lohamann" "sac_sma_dsm" 
"route_lohamann" "sac_sma_dsm" 
"sac_sma_dsm" 
"sac_sma_dsm" 
"sac_sma_dsm" 
"sac_sma_dsm" 
"sac_sma" "sac_sma_dsm" 
"sac_sma" "sac_sma_dsm" 
"route_lohamann" "sac_sma_dsm" 
"route_lohamann" "sac_sma_dsm" 
"route_lohamann" "sac_sma_dsm" 
"route_lohamann" "sac_sma_dsm" 
"route_lohamann" "sac_sma_dsm" 
"route_lohamann" "sac_sma_dsm" 
"sac_sma_dsm" 
"sac_sma_dsm" 
"sac_sma_dsm" 
"sac_sma_dsm" 
"sac_sma" "sac_sma_dsm" 
"sac_sma" "sac_sma_dsm" 
"route_lohamann" "sac_sma_dsm" 
"route_lohamann" "sac_sma_dsm" 
"route_lohamann" "sac_sma_dsm" 
"route_lohamann" "sac_sma_dsm" 
"route_lohamann" "sac_sma_dsm" 
"route_lohamann" "sac_sma_dsm" 
"sac_sma_dsm" 
"sac_sma_dsm" 
"sac_sma_dsm" 
"unlist" "as.matrix.data.frame" "as.matrix" "sac_sma_dsm" 
"sac_sma" "sac_sma_dsm" 
"route_lohamann" "sac_sma_dsm" 
"route_lohamann" "sac_sma_dsm" 
"route_lohamann" "sac_sma_dsm" 
"route_lohamann" "sac_sma_dsm" 
"route_lohamann" "sac_sma_dsm" 
"route_lohamann" "sac_sma_dsm" 
"route_lohamann" "sac_sma_dsm" 
"sac_sma_dsm" 
"sac_sma_dsm" 
"sac_sma_dsm" 
"sac_sma" "sac_sma_dsm" 
"sac_sma" "sac_sma_dsm" 
"route_lohamann" "sac_sma_dsm" 
"route_lohamann" "sac_sma_dsm" 
"route_lohamann" "sac_sma_dsm" 
"route_lohamann" "sac_sma_dsm" 
"route_lohamann" "sac_sma_dsm" 
"route_lohamann" "sac_sma_dsm" 
"sac_sma_dsm" 
"sac_sma_dsm" 
"sac_sma_dsm" 
"sac_sma_dsm" 
"sac_sma" "sac_sma_dsm" 
"route_lohamann" "sac_sma_dsm" 
"route_lohamann" "sac_sma_dsm" 
"route_lohamann" "sac_sma_dsm" 
"route_lohamann" "sac_sma_dsm" 
"route_lohamann" "sac_sma_dsm" 
"route_lohamann" "sac_sma_dsm" 
"route_lohamann" "sac_sma_dsm" 
"route_lohamann" "sac_sma_dsm" 
"sum" "route_lohamann" "sac_sma_dsm" 
"sac_sma_dsm" 
"sac_sma_dsm" 
"sac_sma_dsm" 
"sac_sma" "sac_sma_dsm" 
"sac_sma" "sac_sma_dsm" 
"route_lohamann" "sac_sma_dsm" 
"route_lohamann" "sac_sma_dsm" 
"route_lohamann" "sac_sma_dsm" 
"route_lohamann" "sac_sma_dsm" 
"route_lohamann" "sac_sma_dsm" 
"route_lohamann" "sac_sma_dsm" 
"sac_sma_dsm" 
"sac_sma_dsm" 
"sac_sma_dsm" 
"sac_sma_dsm" 
"sac_sma" "sac_sma_dsm" 
"sac_sma" "sac_sma_dsm" 
"sum" "route_lohamann" "sac_sma_dsm" 
"route_lohamann" "sac_sma_dsm" 
"route_lohamann" "sac_sma_dsm" 
"route_lohamann" "sac_sma_dsm" 
"route_lohamann" "sac_sma_dsm" 
"route_lohamann" "sac_sma_dsm" 
"sac_sma_dsm" 
"sac_sma_dsm" 
"sac_sma_dsm" 
"sac_sma_dsm" 
"sac_sma" "sac_sma_dsm" 
"route_lohamann" "sac_sma_dsm" 
"route_lohamann" "sac_sma_dsm" 
"route_lohamann" "sac_sma_dsm" 
"route_lohamann" "sac_sma_dsm" 
"route_lohamann" "sac_sma_dsm" 
"route_lohamann" "sac_sma_dsm" 
"sac_sma_dsm" 
"sac_sma_dsm" 
"sac_sma_dsm" 
"sac_sma_dsm" 
"sac_sma" "sac_sma_dsm" 
"route_lohamann" "sac_sma_dsm" 
"route_lohamann" "sac_sma_dsm" 
"route_lohamann" "sac_sma_dsm" 
"route_lohamann" "sac_sma_dsm" 
"route_lohamann" "sac_sma_dsm" 
"route_lohamann" "sac_sma_dsm" 
"sac_sma_dsm" 
"sac_sma_dsm" 
"sac_sma_dsm" 
"sac_sma" "sac_sma_dsm" 
"sac_sma" "sac_sma_dsm" 
"route_lohamann" "sac_sma_dsm" 
"route_lohamann" "sac_sma_dsm" 
"route_lohamann" "sac_sma_dsm" 
"route_lohamann" "sac_sma_dsm" 
"route_lohamann" "sac_sma_dsm" 
"route_lohamann" "sac_sma_dsm" 
"sac_sma_dsm" 
"sac_sma_dsm" 
"sac_sma_dsm" 
"sac_sma" "sac_sma_dsm" 
"sac_sma" "sac_sma_dsm" 
"route_lohamann" "sac_sma_dsm" 
"route_lohamann" "sac_sma_dsm" 
"route_lohamann" "sac_sma_dsm" 
"route_lohamann" "sac_sma_dsm" 
"route_lohamann" "sac_sma_dsm" 
"route_lohamann" "sac_sma_dsm" 
"route_lohamann" "sac_sma_dsm" 
"route_lohamann" "sac_sma_dsm" 
"route_lohamann" "sac_sma_dsm" 
"route_lohamann" "sac_sma_dsm" 
"sac_sma_dsm" 
"sac_sma_dsm" 
"sac_sma_dsm" 
"sac_sma_dsm" 
"sac_sma" "sac_sma_dsm" 
"route_lohamann" "sac_sma_dsm" 
"route_lohamann" "sac_sma_dsm" 
"route_lohamann" "sac_sma_dsm" 
"route_lohamann" "sac_sma_dsm" 
"route_lohamann" "sac_sma_dsm" 
"route_lohamann" "sac_sma_dsm" 
"sac_sma_dsm" 
"sac_sma_dsm" 
"sac_sma_dsm" 
"sac_sma_dsm" 
"sac_sma" "sac_sma_dsm" 
"sac_sma" "sac_sma_dsm" 
"route_lohamann" "sac_sma_dsm" 
"route_lohamann" "sac_sma_dsm" 
"route_lohamann" "sac_sma_dsm" 
"route_lohamann" "sac_sma_dsm" 
"route_lohamann" "sac_sma_dsm" 
"sac_sma_dsm" 
"sac_sma_dsm" 
"sac_sma_dsm" 
"sac_sma" "sac_sma_dsm" 
"sac_sma" "sac_sma_dsm" 
"route_lohamann" "sac_sma_dsm" 
"route_lohamann" "sac_sma_dsm" 
"route_lohamann" "sac_sma_dsm" 
"route_lohamann" "sac_sma_dsm" 
"route_lohamann" "sac_sma_dsm" 
"route_lohamann" "sac_sma_dsm" 
"route_lohamann" "sac_sma_dsm" 
"sac_sma_dsm" 
"sac_sma_dsm" 
"sac_sma_dsm" 
"sac_sma" "sac_sma_dsm" 
"sac_sma" "sac_sma_dsm" 
"route_lohamann" "sac_sma_dsm" 
"route_lohamann" "sac_sma_dsm" 
"route_lohamann" "sac_sma_dsm" 
"route_lohamann" "sac_sma_dsm" 
"route_lohamann" "sac_sma_dsm" 
"sac_sma_dsm" 
"sac_sma_dsm" 
"sac_sma_dsm" 
"sac_sma_dsm" 
"sac_sma" "sac_sma_dsm" 
"sac_sma" "sac_sma_dsm" 
"route_lohamann" "sac_sma_dsm" 
"route_lohamann" "sac_sma_dsm" 
"route_lohamann" "sac_sma_dsm" 
"route_lohamann" "sac_sma_dsm" 
"route_lohamann" "sac_sma_dsm" 
"route_lohamann" "sac_sma_dsm" 
"sac_sma_dsm" 
"sac_sma_dsm" 
"sac_sma_dsm" 
"sac_sma_dsm" 
"sac_sma" "sac_sma_dsm" 
"route_lohamann" "sac_sma_dsm" 
"route_lohamann" "sac_sma_dsm" 
"route_lohamann" "sac_sma_dsm" 
"route_lohamann" "sac_sma_dsm" 
"route_lohamann" "sac_sma_dsm" 
"sac_sma_dsm" 
"sac_sma_dsm" 
"sac_sma_dsm" 
"sac_sma_dsm" 
"sac_sma_dsm" 
"sac_sma_dsm" 
"sac_sma_dsm" 
"sac_sma" "sac_sma_dsm" 
"sac_sma" "sac_sma_dsm" 
"route_lohamann" "sac_sma_dsm" 
"route_lohamann" "sac_sma_dsm" 
"route_lohamann" "sac_sma_dsm" 
"route_lohamann" "sac_sma_dsm" 
"route_lohamann" "sac_sma_dsm" 
"sum" "sac_sma_dsm" 
"sac_sma_dsm" 
"sac_sma_dsm" 
"sac_sma_dsm" 
"sac_sma" "sac_sma_dsm" 
"route_lohamann" "sac_sma_dsm" 
"route_lohamann" "sac_sma_dsm" 
"route_lohamann" "sac_sma_dsm" 
"route_lohamann" "sac_sma_dsm" 
"route_lohamann" "sac_sma_dsm" 
"route_lohamann" "sac_sma_dsm" 
"sac_sma_dsm" 
"sac_sma_dsm" 
"sac_sma_dsm" 
"sac_sma_dsm" 
